* 1455f40 Terminando practica ramas y fusiones
*   c5bff49 Merge branch 'proyecto_app'
|\  
| * 45de18b proyectoapp
* |   c4f0271 Merge branch 'diseño_vj'
|\ \  
| * | 520f31b diseño
| |/  
* |   e87a703 Merge branch 'principios_diseño'
|\ \  
| * | 94433b5 Principios
| |/  
* |   ebb4b76 Merge branch 'sistemas_op'
|\ \  
| * | a7f3a55 sistemas
| |/  
* / b4500ff lenguajes
|/  
* e676ef0 guardado de stage
* 52e7399 Actualizacion de readmi y apuntes
* a3a9066 mi segundo  commit
* 1adacdc mi primer commit
